Connection established to port 12345
Message sent to port 12345: LIST
List operation started
Message received from port 12345: LIST
List operation successfully completed
Message sent to port 12345: LIST
List operation started
Message received from port 12345: LIST
List operation successfully completed
Message sent to port 12345: LIST
List operation started
Message received from port 12345: LIST
List operation successfully completed
Connection established to port 12345
Connection established to port 12345
Message sent to port 12345: LIST
List operation started
Message received from port 12345: LIST
List operation successfully completed
Message sent to port 12345: LIST
Connection established to port 12345
Connection established to port 12345
Connection established to port 12345
Connection established to port 12345
Connection established to port 12345
Connection established to port 12345
Connection established to port 12345
Connection established to port 12345
Message sent to port 12345: LIST
Message sent to port 12345: LIST
List operation started
List operation started
Message sent to port 12345: LIST
Message sent to port 12345: LIST
List operation started
Message sent to port 12345: LIST
List operation started
Message sent to port 12345: LIST
Message sent to port 12345: LIST
Message received from port 12345: LIST
Message received from port 12345: LIST
Message sent to port 12345: LIST
List operation started
Message received from port 12345: LIST
List operation successfully completed
Message sent to port 12345: LIST
List operation started
Message received from port 12345: LIST
Message sent to port 12345: LIST
List operation successfully completed
List operation started
Message received from port 12345: LIST
List operation successfully completed
Message received from port 12345: LIST
List operation successfully completed
Message sent to port 12345: LIST
List operation started
List operation started
List operation successfully completed
Message received from port 12345: LIST
List operation started
List operation started
Message received from port 12345: LIST
Message sent to port 12345: LIST
Message received from port 12345: LIST
Message received from port 12345: LIST
List operation successfully completed
Message received from port 12345: LIST
List operation successfully completed
List operation successfully completed
Message sent to port 12345: LIST
List operation started
Message sent to port 12345: LIST
List operation successfully completed
List operation started
List operation successfully completed
List operation started
Message received from port 12345: LIST
List operation successfully completed
List operation started
Message received from port 12345: LIST
List operation successfully completed
List operation successfully completed
Message sent to port 12345: LIST
List operation started
Message received from port 12345: LIST
List operation successfully completed
Message received from port 12345: LIST
List operation successfully completed
Message sent to port 12345: LIST
List operation started
Message received from port 12345: LIST
List operation successfully completed
Message sent to port 12345: LIST
List operation started
Message received from port 12345: LIST
List operation successfully completed
Message sent to port 12345: LIST
List operation started
Message received from port 12345: LIST
List operation successfully completed
Message received from port 12345: LIST
List operation successfully completed
